make all --print-data-base --no-builtin-variables --no-builtin-rules --question
# GNU Make 3.81
# Copyright (C) 2006  Free Software Foundation, Inc.
# This is free software; see the source for copying conditions.
# There is NO warranty; not even for MERCHANTABILITY or FITNESS FOR A
# PARTICULAR PURPOSE.

# This program built for i386-apple-darwin11.3.0

# Make data base, printed on Fri Sep 16 12:19:13 2022

# Variables

# automatic
<D = $(patsubst %/,%,$(dir $<))
# automatic
?F = $(notdir $?)
# automatic
?D = $(patsubst %/,%,$(dir $?))
# automatic
@D = $(patsubst %/,%,$(dir $@))
# automatic
@F = $(notdir $@)
# makefile
CURDIR := /Users/kmorunov/Desktop/42/minirt
# makefile
SHELL = /bin/sh
# environment
VSCODE_NLS_CONFIG = {"locale":"en-us","availableLanguages":{},"_languagePackSupport":true}
# makefile (from `Makefile', line 28)
MLX = $(MLX_PATH)libmlx.a
# environment
_ = /usr/bin/make
# makefile (from `Makefile', line 42)
CFLAGS = -Wall -Wextra -Werror -D BUFFER_SIZE=1
# makefile (from `Makefile', line 23)
GET_NEXT_LINE_SRCS = get_next_line.c get_next_line_utils.c 
# makefile (from `Makefile', line 1)
MAKEFILE_LIST :=  Makefile
# makefile (from `Makefile', line 5)
GET_NEXT_LINE_PATH = ./includes/get_next_line/
# makefile (from `Makefile', line 7)
SRCS = main.c exit.c parser.c image.c parser_setting.c ft_stof.c parser_utils.c parser_figures.c free.c graphic.c graphic_utils.c math.c intersection.c intersection_cylinder.c color.c 
# makefile (from `Makefile', line 31)
OBJS = $(patsubst $(SRCS_PATH)/%.c, $(OBJS_PATH)/%.o, $(addprefix $(SRCS_PATH), $(SRCS)))
# makefile (from `Makefile', line 30)
OBJS_PATH = objs
# environment
VSCODE_CWD = /
# environment
PATH = /Users/kmorunov/.brew/bin:/Users/kmorunov/.brew/bin:/Users/kmorunov/goinfre/.brew/bin:/Users/kmorunov/goinfre/.brew/bin:/Users/kmorunov/goinfre/.brew/bin:/Users/kmorunov/goinfre/.brew/bin:/Users/kmorunov/.brew/bin:/Users/kmorunov/goinfre/.brew/bin:/Users/kmorunov/goinfre/.brew/bin:/Users/kmorunov/.brew/bin:/usr/local/bin:/usr/bin:/bin:/usr/sbin:/sbin:/usr/local/munki:/Library/Apple/usr/bin
# environment
LSCOLORS = Gxfxcxdxbxegedabagacad
# makefile (from `Makefile', line 38)
MLX_PATH = ./minilibx_macos/
# environment
ELECTRON_RUN_AS_NODE = 1
# default
.FEATURES := target-specific order-only second-expansion else-if archives jobserver check-symlink
# environment
SSH_AUTH_SOCK = /private/tmp/com.apple.launchd.ftYbwEciwF/Listeners
# automatic
%F = $(notdir $%)
# environment
HOMEBREW_TEMP = /tmp/kmorunov/Homebrew/Temp
# makefile (from `Makefile', line 44)
MLXFLAGS = $(MLX) -framework OpenGL -framework AppKit
# environment
PWD = /Users/kmorunov/Desktop/42/minirt
# environment
ORIGINAL_XDG_CURRENT_DESKTOP = undefined
# environment
VSCODE_AMD_ENTRYPOINT = vs/workbench/api/node/extensionHostProcess
# environment
HOME = /Users/kmorunov
# default
MAKEFILEPATH := /Applications/Xcode.app/Contents/Developer/Makefiles
# environment
VSCODE_CODE_CACHE_PATH = /Users/kmorunov/Library/Application Support/Code/CachedData/784b0177c56c607789f9638da7b6bf3230d47a8c
# environment
LOGNAME = kmorunov
# environment
APPLICATION_INSIGHTS_NO_DIAGNOSTIC_CHANNEL = 1
# environment
ZSH = /Users/kmorunov/.oh-my-zsh
# environment
VSCODE_HANDLES_UNCAUGHT_ERRORS = true
# automatic
^D = $(patsubst %/,%,$(dir $^))
# environment
XPC_FLAGS = 0x0
# default
MAKE = $(MAKE_COMMAND)
# default
MAKECMDGOALS := all
# environment
HOMEBREW_CACHE = /tmp/kmorunov/Homebrew/Caches
# environment
SHLVL = 1
# makefile (from `Makefile', line 26)
LIBFT = ${LIBFT_PATH}libft.a
# makefile (from `Makefile', line 40)
CC = gcc
# default
MAKE_VERSION := 3.81
# environment
USER = kmorunov
# makefile
.DEFAULT_GOAL := all
# makefile (from `Makefile', line 1)
NAME = minirt
# environment
LESS = -R
# automatic
%D = $(patsubst %/,%,$(dir $%))
# default
MAKE_COMMAND := /Applications/Xcode.app/Contents/Developer/usr/bin/make
# default
.VARIABLES := 
# environment
TMPDIR = /var/folders/zz/zyxvpxvq6csfxvn_n000c_w40032q1/T/
# automatic
*F = $(notdir $*)
# environment
VSCODE_IPC_HOOK = /Users/kmorunov/Library/Application Support/Code/1.71.0-main.sock
# environment
MallocNanoZone = 0
# makefile
MAKEFLAGS = Rrqp
# environment
MFLAGS = -Rrqp
# automatic
*D = $(patsubst %/,%,$(dir $*))
# environment
XPC_SERVICE_NAME = com.microsoft.VSCode.2612
# automatic
+D = $(patsubst %/,%,$(dir $+))
# automatic
+F = $(notdir $+)
# environment
__CF_USER_TEXT_ENCODING = 0x18AE1:0x0:0x0
# default
MAKEFILES := 
# automatic
<F = $(notdir $<)
# makefile (from `Makefile', line 3)
SRCS_PATH = srcs/
# makefile (from `Makefile', line 34)
OBJS_GNL = $(patsubst %.c, %.o, $(GET_NEXT_LINE_SRCS))
# makefile (from `Makefile', line 36)
LIBFT_PATH = ./includes/libft/
# environment
PAGER = less
# environment
LC_ALL = C
# automatic
^F = $(notdir $^)
# default
SUFFIXES := 
# default
.INCLUDE_DIRS = /usr/local/include
# environment
MAKELEVEL := 0
# environment
LANG = C
# environment
VSCODE_PID = 83911
# variable set hash-table stats:
# Load=77/1024=8%, Rehash=0, Collisions=5/115=4%

# Pattern-specific Variable Values

# No pattern-specific variable values.

# Directories

# . (device 16777225, inode 2174472): 13 files, no impossibilities.

# 13 files, no impossibilities in 1 directories.

# Implicit Rules

# No implicit rules.

# Files

# Not a target:
srcs/parser.c:
#  Implicit rule search has not been done.
#  Modification time never checked.
#  File has not been updated.

all: obj minirt
#  Command-line target.
#  Implicit rule search has been done.
#  File does not exist.
#  File has been updated.
#  Needs to be updated (-q is set).
# variable set hash-table stats:
# Load=0/32=0%, Rehash=0, Collisions=0/3=0%

# Not a target:
srcs/intersection_cylinder.c:
#  Implicit rule search has not been done.
#  Modification time never checked.
#  File has not been updated.

mlx:
#  Implicit rule search has not been done.
#  Modification time never checked.
#  File has not been updated.
#  commands to execute (from `Makefile', line 52):
	@make -C $(MLX_PATH)
	

.PHONY: target_libft
#  Implicit rule search has not been done.
#  Modification time never checked.
#  File has not been updated.

# Not a target:
srcs/parser_figures.c:
#  Implicit rule search has not been done.
#  Modification time never checked.
#  File has not been updated.

# Not a target:
.SUFFIXES:
#  Implicit rule search has not been done.
#  Modification time never checked.
#  File has not been updated.

# Not a target:
Makefile:
#  Implicit rule search has been done.
#  Last modified 2022-09-13 12:20:05
#  File has been updated.
#  Successfully updated.
# variable set hash-table stats:
# Load=0/32=0%, Rehash=0, Collisions=0/0=0%

# Not a target:
srcs/main.c:
#  Implicit rule search has not been done.
#  Modification time never checked.
#  File has not been updated.

# Not a target:
srcs/math.c:
#  Implicit rule search has not been done.
#  Modification time never checked.
#  File has not been updated.

# Not a target:
srcs/color.c:
#  Implicit rule search has not been done.
#  Modification time never checked.
#  File has not been updated.

includes/libft/libft.a:
#  Implicit rule search has not been done.
#  Modification time never checked.
#  File has not been updated.
#  commands to execute (from `Makefile', line 49):
	@make -C $(LIBFT_PATH)
	

fclean: clean fclean_libft
#  Implicit rule search has not been done.
#  Modification time never checked.
#  File has not been updated.
#  commands to execute (from `Makefile', line 71):
	$(RM) $(NAME)
	

obj:
#  Implicit rule search has not been done.
#  Implicit/static pattern stem: `'
#  File does not exist.
#  File has been updated.
#  Needs to be updated (-q is set).
# automatic
# @ := obj
# automatic
# % := 
# automatic
# * := 
# automatic
# + := 
# automatic
# | := 
# automatic
# < := 
# automatic
# ^ := 
# automatic
# ? := 
# variable set hash-table stats:
# Load=8/32=25%, Rehash=0, Collisions=1/11=9%
#  commands to execute (from `Makefile', line 55):
	@mkdir -p $(OBJS_PATH)
	

# Not a target:
srcs/parser_setting.c:
#  Implicit rule search has not been done.
#  Modification time never checked.
#  File has not been updated.

# Not a target:
srcs/ft_stof.c:
#  Implicit rule search has not been done.
#  Modification time never checked.
#  File has not been updated.

 
# Not a target:
.DEFAULT:
#  Implicit rule search has not been done.
#  Modification time never checked.
#  File has not been updated.

fclean_libft:
#  Implicit rule search has not been done.
#  Modification time never checked.
#  File has not been updated.
#  commands to execute (from `Makefile', line 67):
	make fclean -C $(LIBFT_PATH)
	

# Not a target:
srcs/free.c:
#  Implicit rule search has not been done.
#  Modification time never checked.
#  File has not been updated.

# Not a target:
srcs/graphic_utils.c:
#  Implicit rule search has not been done.
#  Modification time never checked.
#  File has not been updated.

# Not a target:
srcs/image.c:
#  Implicit rule search has not been done.
#  Modification time never checked.
#  File has not been updated.

# Not a target:
srcs/intersection.c:
#  Implicit rule search has not been done.
#  Modification time never checked.
#  File has not been updated.

re: fclean
#  Implicit rule search has not been done.
#  Modification time never checked.
#  File has not been updated.
#  commands to execute (from `Makefile', line 74):
	$(MAKE)
	

clean:
#  Implicit rule search has not been done.
#  Modification time never checked.
#  File has not been updated.
#  commands to execute (from `Makefile', line 63):
	make clean -C $(LIBFT_PATH)
	rm -rf $(OBJS_PATH)
	

# Not a target:
srcs/parser_utils.c:
#  Implicit rule search has not been done.
#  Modification time never checked.
#  File has not been updated.

minirt: includes/libft/libft.a srcs/main.c srcs/exit.c srcs/parser.c srcs/image.c srcs/parser_setting.c srcs/ft_stof.c srcs/parser_utils.c srcs/parser_figures.c srcs/free.c srcs/graphic.c srcs/graphic_utils.c srcs/math.c srcs/intersection.c srcs/intersection_cylinder.c srcs/color.c
#  Implicit rule search has not been done.
#  Modification time never checked.
#  File has not been updated.
#  commands to execute (from `Makefile', line 58):
	$(CC) $(CFLAGS) -c $(addprefix $(GET_NEXT_LINE_PATH), $(GET_NEXT_LINE_SRCS)) $(addprefix $(SRCS_PATH), $(SRCS))
	@mv *.o $(OBJS_PATH) 
	$(CC) $(CFLAGS) $(MLXFLAGS) $(OBJS) $(addprefix $(GET_NEXT_LINE_PATH), $(GET_NEXT_LINE_SRCS)) ${LIBFT_PATH}libft.a -o $(NAME) -I $(MLX_PATH)
	

target_libft:
#  Phony target (prerequisite of .PHONY).
#  Implicit rule search has not been done.
#  File does not exist.
#  File has not been updated.

# Not a target:
srcs/exit.c:
#  Implicit rule search has not been done.
#  Modification time never checked.
#  File has not been updated.

# Not a target:
srcs/graphic.c:
#  Implicit rule search has not been done.
#  Modification time never checked.
#  File has not been updated.

# files hash-table stats:
# Load=29/1024=3%, Rehash=0, Collisions=0/65=0%
# VPATH Search Paths

# No `vpath' search paths.

# No general (`VPATH' variable) search path.

# # of strings in strcache: 1
# # of strcache buffers: 1
# strcache size: total = 4096 / max = 4096 / min = 4096 / avg = 4096
# strcache free: total = 4087 / max = 4087 / min = 4087 / avg = 4087

# Finished Make data base on Fri Sep 16 12:19:13 2022

 
